TOKEN=REAL_VERIFY_20260226_163759_655
FILE=real-verify-c13b7d15-c429-4fcd-9e71-a93a03f50f67.png
UPLOAD={"filename":"real-verify-c13b7d15-c429-4fcd-9e71-a93a03f50f67.png","job_id":"ece2d807-cc9b-4a52-a785-28fbcc3515ec","options":{"deskew":true,"enhance":true,"granularity":"block","include_coordinates":false,"include_line_confidence":false,"include_page_layout":false,"include_word_confidence":false,"language":"auto","max_pages":"0","max_tokens":"4096","prompt":"","redact_pii":false,"temperature":"0.0"},"output_formats":"text","result_url":"/jobs/ece2d807-cc9b-4a52-a785-28fbcc3515ec/result","status":"PROCESSING","status_url":"/jobs/ece2d807-cc9b-4a52-a785-28fbcc3515ec","workflow_id":"doc-processing-ece2d807-cc9b-4a52-a785-28fbcc3515ec"}
JOB_ID=ece2d807-cc9b-4a52-a785-28fbcc3515ec
STATUS_1=PROCESSING
STATUS_2=PROCESSING
STATUS_3=PROCESSING
STATUS_4=PROCESSING
STATUS_5=PROCESSING
STATUS_6=PROCESSING
STATUS_7=PROCESSING
STATUS_8=PROCESSING
STATUS_9=PROCESSING
STATUS_10=PROCESSING
STATUS_11=PROCESSING
STATUS_12=PROCESSING
STATUS_13=PROCESSING
STATUS_14=PROCESSING
STATUS_15=FAILED
FAILED={"id":"ece2d807-cc9b-4a52-a785-28fbcc3515ec","filename":"real-verify-c13b7d15-c429-4fcd-9e71-a93a03f50f67.png","file_size":8210,"content_type":"image/png","storage_path":"idep-documents/raw/ece2d807-cc9b-4a52-a785-28fbcc3515ec/real-verify-c13b7d15-c429-4fcd-9e71-a93a03f50f67.png","status":"FAILED","workflow_id":"doc-processing-ece2d807-cc9b-4a52-a785-28fbcc3515ec","run_id":"be96b5b5-c55d-46cc-8d2e-9e6f9eef8965","batch_id":"","result_path":"","error_message":"Workflow ended with status: Failed","page_count":0,"confidence":0,"output_formats":"text","created_at":"2026-02-26T16:38:00.103447Z","updated_at":"2026-02-26T16:38:31.567470797Z"}
